NOTE: Picked up JDK_JAVA_OPTIONS:  --add-opens=java.base/java.lang=ALL-UNNAMED --add-opens=java.base/java.io=ALL-UNNAMED --add-opens=java.rmi/sun.rmi.transport=ALL-UNNAMED
07-Aug-2021 14:36:11.076 INFO [main] org.apache.catalina.startup.VersionLoggerListener.log Server version:        Apache Tomcat/8.5.38
07-Aug-2021 14:36:11.081 INFO [main] org.apache.catalina.startup.VersionLoggerListener.log Server built:          Feb 5 2019 11:42:42 UTC
07-Aug-2021 14:36:11.082 INFO [main] org.apache.catalina.startup.VersionLoggerListener.log Server number:         8.5.38.0
07-Aug-2021 14:36:11.082 INFO [main] org.apache.catalina.startup.VersionLoggerListener.log OS Name:               Linux
07-Aug-2021 14:36:11.083 INFO [main] org.apache.catalina.startup.VersionLoggerListener.log OS Version:            5.8.0-63-generic
07-Aug-2021 14:36:11.083 INFO [main] org.apache.catalina.startup.VersionLoggerListener.log Architecture:          amd64
07-Aug-2021 14:36:11.083 INFO [main] org.apache.catalina.startup.VersionLoggerListener.log Java Home:             /usr/lib/jvm/java-11-openjdk-amd64
07-Aug-2021 14:36:11.083 INFO [main] org.apache.catalina.startup.VersionLoggerListener.log JVM Version:           11.0.11+9-Ubuntu-0ubuntu2.20.04
07-Aug-2021 14:36:11.083 INFO [main] org.apache.catalina.startup.VersionLoggerListener.log JVM Vendor:            Ubuntu
07-Aug-2021 14:36:11.084 INFO [main] org.apache.catalina.startup.VersionLoggerListener.log CATALINA_BASE:         /home/siddharth/niraj_devops/Neeraj_repo/tools/tomcat
07-Aug-2021 14:36:11.084 INFO [main] org.apache.catalina.startup.VersionLoggerListener.log CATALINA_HOME:         /home/siddharth/niraj_devops/Neeraj_repo/tools/tomcat
07-Aug-2021 14:36:11.086 INFO [main] org.apache.catalina.startup.VersionLoggerListener.log Command line argument: --add-opens=java.base/java.lang=ALL-UNNAMED
07-Aug-2021 14:36:11.087 INFO [main] org.apache.catalina.startup.VersionLoggerListener.log Command line argument: --add-opens=java.base/java.io=ALL-UNNAMED
07-Aug-2021 14:36:11.087 INFO [main] org.apache.catalina.startup.VersionLoggerListener.log Command line argument: --add-opens=java.rmi/sun.rmi.transport=ALL-UNNAMED
07-Aug-2021 14:36:11.087 INFO [main] org.apache.catalina.startup.VersionLoggerListener.log Command line argument: -Djava.util.logging.config.file=/home/siddharth/niraj_devops/Neeraj_repo/tools/tomcat/conf/logging.properties
07-Aug-2021 14:36:11.087 INFO [main] org.apache.catalina.startup.VersionLoggerListener.log Command line argument: -Djava.util.logging.manager=org.apache.juli.ClassLoaderLogManager
07-Aug-2021 14:36:11.088 INFO [main] org.apache.catalina.startup.VersionLoggerListener.log Command line argument: -Djdk.tls.ephemeralDHKeySize=2048
07-Aug-2021 14:36:11.088 INFO [main] org.apache.catalina.startup.VersionLoggerListener.log Command line argument: -Djava.protocol.handler.pkgs=org.apache.catalina.webresources
07-Aug-2021 14:36:11.088 INFO [main] org.apache.catalina.startup.VersionLoggerListener.log Command line argument: -Dorg.apache.catalina.security.SecurityListener.UMASK=0027
07-Aug-2021 14:36:11.088 INFO [main] org.apache.catalina.startup.VersionLoggerListener.log Command line argument: -Dignore.endorsed.dirs=
07-Aug-2021 14:36:11.088 INFO [main] org.apache.catalina.startup.VersionLoggerListener.log Command line argument: -Dcatalina.base=/home/siddharth/niraj_devops/Neeraj_repo/tools/tomcat
07-Aug-2021 14:36:11.088 INFO [main] org.apache.catalina.startup.VersionLoggerListener.log Command line argument: -Dcatalina.home=/home/siddharth/niraj_devops/Neeraj_repo/tools/tomcat
07-Aug-2021 14:36:11.089 INFO [main] org.apache.catalina.startup.VersionLoggerListener.log Command line argument: -Djava.io.tmpdir=/home/siddharth/niraj_devops/Neeraj_repo/tools/tomcat/temp
07-Aug-2021 14:36:11.089 INFO [main] org.apache.catalina.core.AprLifecycleListener.lifecycleEvent The APR based Apache Tomcat Native library which allows optimal performance in production environments was not found on the java.library.path: [/usr/java/packages/lib:/usr/lib/x86_64-linux-gnu/jni:/lib/x86_64-linux-gnu:/usr/lib/x86_64-linux-gnu:/usr/lib/jni:/lib:/usr/lib]
07-Aug-2021 14:36:11.183 INFO [main] org.apache.coyote.AbstractProtocol.init Initializing ProtocolHandler ["http-nio-8080"]
07-Aug-2021 14:36:11.256 SEVERE [main] org.apache.catalina.core.StandardService.initInternal Failed to initialize connector [Connector[HTTP/1.1-8080]]
 org.apache.catalina.LifecycleException: Failed to initialize component [Connector[HTTP/1.1-8080]]
	at org.apache.catalina.util.LifecycleBase.init(LifecycleBase.java:112)
	at org.apache.catalina.core.StandardService.initInternal(StandardService.java:552)
	at org.apache.catalina.util.LifecycleBase.init(LifecycleBase.java:107)
	at org.apache.catalina.core.StandardServer.initInternal(StandardServer.java:875)
	at org.apache.catalina.util.LifecycleBase.init(LifecycleBase.java:107)
	at org.apache.catalina.startup.Catalina.load(Catalina.java:639)
	at org.apache.catalina.startup.Catalina.load(Catalina.java:662)
	at java.base/jdk.internal.reflect.NativeMethodAccessorImpl.invoke0(Native Method)
	at java.base/jdk.internal.reflect.NativeMethodAccessorImpl.invoke(NativeMethodAccessorImpl.java:62)
	at java.base/jdk.internal.reflect.DelegatingMethodAccessorImpl.invoke(DelegatingMethodAccessorImpl.java:43)
	at java.base/java.lang.reflect.Method.invoke(Method.java:566)
	at org.apache.catalina.startup.Bootstrap.load(Bootstrap.java:309)
	at org.apache.catalina.startup.Bootstrap.main(Bootstrap.java:492)
Caused by: org.apache.catalina.LifecycleException: Protocol handler initialization failed
	at org.apache.catalina.connector.Connector.initInternal(Connector.java:995)
	at org.apache.catalina.util.LifecycleBase.init(LifecycleBase.java:107)
	... 12 more
Caused by: java.net.BindException: Address already in use
	at java.base/sun.nio.ch.Net.bind0(Native Method)
	at java.base/sun.nio.ch.Net.bind(Net.java:455)
	at java.base/sun.nio.ch.Net.bind(Net.java:447)
	at java.base/sun.nio.ch.ServerSocketChannelImpl.bind(ServerSocketChannelImpl.java:227)
	at java.base/sun.nio.ch.ServerSocketAdaptor.bind(ServerSocketAdaptor.java:80)
	at org.apache.tomcat.util.net.NioEndpoint.bind(NioEndpoint.java:219)
	at org.apache.tomcat.util.net.AbstractEndpoint.init(AbstractEndpoint.java:1087)
	at org.apache.tomcat.util.net.AbstractJsseEndpoint.init(AbstractJsseEndpoint.java:265)
	at org.apache.coyote.AbstractProtocol.init(AbstractProtocol.java:581)
	at org.apache.coyote.http11.AbstractHttp11Protocol.init(AbstractHttp11Protocol.java:68)
	at org.apache.catalina.connector.Connector.initInternal(Connector.java:993)
	... 13 more

07-Aug-2021 14:36:11.258 INFO [main] org.apache.coyote.AbstractProtocol.init Initializing ProtocolHandler ["ajp-nio-8009"]
07-Aug-2021 14:36:11.276 INFO [main] org.apache.tomcat.util.net.NioSelectorPool.getSharedSelector Using a shared selector for servlet write/read
07-Aug-2021 14:36:11.321 INFO [main] org.apache.catalina.startup.Catalina.load Initialization processed in 2295 ms
07-Aug-2021 14:36:11.397 INFO [main] org.apache.catalina.core.StandardService.startInternal Starting service [Catalina]
07-Aug-2021 14:36:11.397 INFO [main] org.apache.catalina.core.StandardEngine.startInternal Starting Servlet Engine: Apache Tomcat/8.5.38
07-Aug-2021 14:36:11.418 INFO [localhost-startStop-1] org.apache.catalina.startup.HostConfig.deployDirectory Deploying web application directory [/home/siddharth/niraj_devops/Neeraj_repo/tools/tomcat/webapps/ROOT]
07-Aug-2021 14:36:12.441 WARNING [localhost-startStop-1] org.apache.catalina.util.SessionIdGeneratorBase.createSecureRandom Creation of SecureRandom instance for session ID generation using [SHA1PRNG] took [167] milliseconds.
07-Aug-2021 14:36:12.511 INFO [localhost-startStop-1] org.apache.catalina.startup.HostConfig.deployDirectory Deployment of web application directory [/home/siddharth/niraj_devops/Neeraj_repo/tools/tomcat/webapps/ROOT] has finished in [1,092] ms
07-Aug-2021 14:36:12.512 INFO [localhost-startStop-1] org.apache.catalina.startup.HostConfig.deployDirectory Deploying web application directory [/home/siddharth/niraj_devops/Neeraj_repo/tools/tomcat/webapps/host-manager]
07-Aug-2021 14:36:12.608 INFO [localhost-startStop-1] org.apache.catalina.startup.HostConfig.deployDirectory Deployment of web application directory [/home/siddharth/niraj_devops/Neeraj_repo/tools/tomcat/webapps/host-manager] has finished in [96] ms
07-Aug-2021 14:36:12.610 INFO [localhost-startStop-1] org.apache.catalina.startup.HostConfig.deployDirectory Deploying web application directory [/home/siddharth/niraj_devops/Neeraj_repo/tools/tomcat/webapps/examples]
07-Aug-2021 14:36:13.119 INFO [localhost-startStop-1] org.apache.catalina.startup.HostConfig.deployDirectory Deployment of web application directory [/home/siddharth/niraj_devops/Neeraj_repo/tools/tomcat/webapps/examples] has finished in [509] ms
07-Aug-2021 14:36:13.120 INFO [localhost-startStop-1] org.apache.catalina.startup.HostConfig.deployDirectory Deploying web application directory [/home/siddharth/niraj_devops/Neeraj_repo/tools/tomcat/webapps/docs]
07-Aug-2021 14:36:13.137 INFO [localhost-startStop-1] org.apache.catalina.startup.HostConfig.deployDirectory Deployment of web application directory [/home/siddharth/niraj_devops/Neeraj_repo/tools/tomcat/webapps/docs] has finished in [18] ms
07-Aug-2021 14:36:13.137 INFO [localhost-startStop-1] org.apache.catalina.startup.HostConfig.deployDirectory Deploying web application directory [/home/siddharth/niraj_devops/Neeraj_repo/tools/tomcat/webapps/manager]
07-Aug-2021 14:36:13.159 INFO [localhost-startStop-1] org.apache.catalina.startup.HostConfig.deployDirectory Deployment of web application directory [/home/siddharth/niraj_devops/Neeraj_repo/tools/tomcat/webapps/manager] has finished in [22] ms
07-Aug-2021 14:36:13.164 INFO [main] org.apache.coyote.AbstractProtocol.start Starting ProtocolHandler ["ajp-nio-8009"]
07-Aug-2021 14:36:13.174 INFO [main] org.apache.catalina.startup.Catalina.start Server startup in 1851 ms
07-Aug-2021 14:36:13.204 SEVERE [main] org.apache.catalina.core.StandardServer.await StandardServer.await: create[localhost:8005]: 
 java.net.BindException: Address already in use (Bind failed)
	at java.base/java.net.PlainSocketImpl.socketBind(Native Method)
	at java.base/java.net.AbstractPlainSocketImpl.bind(AbstractPlainSocketImpl.java:436)
	at java.base/java.net.ServerSocket.bind(ServerSocket.java:395)
	at java.base/java.net.ServerSocket.<init>(ServerSocket.java:257)
	at org.apache.catalina.core.StandardServer.await(StandardServer.java:440)
	at org.apache.catalina.startup.Catalina.await(Catalina.java:776)
	at org.apache.catalina.startup.Catalina.start(Catalina.java:722)
	at java.base/jdk.internal.reflect.NativeMethodAccessorImpl.invoke0(Native Method)
	at java.base/jdk.internal.reflect.NativeMethodAccessorImpl.invoke(NativeMethodAccessorImpl.java:62)
	at java.base/jdk.internal.reflect.DelegatingMethodAccessorImpl.invoke(DelegatingMethodAccessorImpl.java:43)
	at java.base/java.lang.reflect.Method.invoke(Method.java:566)
	at org.apache.catalina.startup.Bootstrap.start(Bootstrap.java:353)
	at org.apache.catalina.startup.Bootstrap.main(Bootstrap.java:493)

07-Aug-2021 14:36:13.205 INFO [main] org.apache.coyote.AbstractProtocol.pause Pausing ProtocolHandler ["http-nio-8080"]
07-Aug-2021 14:36:13.206 INFO [main] org.apache.coyote.AbstractProtocol.pause Pausing ProtocolHandler ["ajp-nio-8009"]
07-Aug-2021 14:36:13.263 INFO [main] org.apache.catalina.core.StandardService.stopInternal Stopping service [Catalina]
07-Aug-2021 14:36:13.360 INFO [main] org.apache.coyote.AbstractProtocol.stop Stopping ProtocolHandler ["ajp-nio-8009"]
07-Aug-2021 14:36:13.362 INFO [main] org.apache.coyote.AbstractProtocol.stop Stopping ProtocolHandler ["http-nio-8080"]
07-Aug-2021 14:36:13.363 INFO [main] org.apache.coyote.AbstractProtocol.destroy Destroying ProtocolHandler ["http-nio-8080"]
07-Aug-2021 14:36:13.363 INFO [main] org.apache.coyote.AbstractProtocol.destroy Destroying ProtocolHandler ["ajp-nio-8009"]
NOTE: Picked up JDK_JAVA_OPTIONS:  --add-opens=java.base/java.lang=ALL-UNNAMED --add-opens=java.base/java.io=ALL-UNNAMED --add-opens=java.rmi/sun.rmi.transport=ALL-UNNAMED
07-Aug-2021 14:40:19.189 INFO [main] org.apache.catalina.startup.VersionLoggerListener.log Server version:        Apache Tomcat/8.5.38
07-Aug-2021 14:40:19.193 INFO [main] org.apache.catalina.startup.VersionLoggerListener.log Server built:          Feb 5 2019 11:42:42 UTC
07-Aug-2021 14:40:19.193 INFO [main] org.apache.catalina.startup.VersionLoggerListener.log Server number:         8.5.38.0
07-Aug-2021 14:40:19.195 INFO [main] org.apache.catalina.startup.VersionLoggerListener.log OS Name:               Linux
07-Aug-2021 14:40:19.195 INFO [main] org.apache.catalina.startup.VersionLoggerListener.log OS Version:            5.8.0-63-generic
07-Aug-2021 14:40:19.195 INFO [main] org.apache.catalina.startup.VersionLoggerListener.log Architecture:          amd64
07-Aug-2021 14:40:19.195 INFO [main] org.apache.catalina.startup.VersionLoggerListener.log Java Home:             /usr/lib/jvm/java-11-openjdk-amd64
07-Aug-2021 14:40:19.195 INFO [main] org.apache.catalina.startup.VersionLoggerListener.log JVM Version:           11.0.11+9-Ubuntu-0ubuntu2.20.04
07-Aug-2021 14:40:19.206 INFO [main] org.apache.catalina.startup.VersionLoggerListener.log JVM Vendor:            Ubuntu
07-Aug-2021 14:40:19.207 INFO [main] org.apache.catalina.startup.VersionLoggerListener.log CATALINA_BASE:         /home/siddharth/niraj_devops/Neeraj_repo/tools/tomcat
07-Aug-2021 14:40:19.207 INFO [main] org.apache.catalina.startup.VersionLoggerListener.log CATALINA_HOME:         /home/siddharth/niraj_devops/Neeraj_repo/tools/tomcat
07-Aug-2021 14:40:19.207 INFO [main] org.apache.catalina.startup.VersionLoggerListener.log Command line argument: --add-opens=java.base/java.lang=ALL-UNNAMED
07-Aug-2021 14:40:19.208 INFO [main] org.apache.catalina.startup.VersionLoggerListener.log Command line argument: --add-opens=java.base/java.io=ALL-UNNAMED
07-Aug-2021 14:40:19.208 INFO [main] org.apache.catalina.startup.VersionLoggerListener.log Command line argument: --add-opens=java.rmi/sun.rmi.transport=ALL-UNNAMED
07-Aug-2021 14:40:19.208 INFO [main] org.apache.catalina.startup.VersionLoggerListener.log Command line argument: -Djava.util.logging.config.file=/home/siddharth/niraj_devops/Neeraj_repo/tools/tomcat/conf/logging.properties
07-Aug-2021 14:40:19.208 INFO [main] org.apache.catalina.startup.VersionLoggerListener.log Command line argument: -Djava.util.logging.manager=org.apache.juli.ClassLoaderLogManager
07-Aug-2021 14:40:19.208 INFO [main] org.apache.catalina.startup.VersionLoggerListener.log Command line argument: -Djdk.tls.ephemeralDHKeySize=2048
07-Aug-2021 14:40:19.208 INFO [main] org.apache.catalina.startup.VersionLoggerListener.log Command line argument: -Djava.protocol.handler.pkgs=org.apache.catalina.webresources
07-Aug-2021 14:40:19.209 INFO [main] org.apache.catalina.startup.VersionLoggerListener.log Command line argument: -Dorg.apache.catalina.security.SecurityListener.UMASK=0027
07-Aug-2021 14:40:19.209 INFO [main] org.apache.catalina.startup.VersionLoggerListener.log Command line argument: -Dignore.endorsed.dirs=
07-Aug-2021 14:40:19.209 INFO [main] org.apache.catalina.startup.VersionLoggerListener.log Command line argument: -Dcatalina.base=/home/siddharth/niraj_devops/Neeraj_repo/tools/tomcat
07-Aug-2021 14:40:19.209 INFO [main] org.apache.catalina.startup.VersionLoggerListener.log Command line argument: -Dcatalina.home=/home/siddharth/niraj_devops/Neeraj_repo/tools/tomcat
07-Aug-2021 14:40:19.209 INFO [main] org.apache.catalina.startup.VersionLoggerListener.log Command line argument: -Djava.io.tmpdir=/home/siddharth/niraj_devops/Neeraj_repo/tools/tomcat/temp
07-Aug-2021 14:40:19.210 INFO [main] org.apache.catalina.core.AprLifecycleListener.lifecycleEvent The APR based Apache Tomcat Native library which allows optimal performance in production environments was not found on the java.library.path: [/usr/java/packages/lib:/usr/lib/x86_64-linux-gnu/jni:/lib/x86_64-linux-gnu:/usr/lib/x86_64-linux-gnu:/usr/lib/jni:/lib:/usr/lib]
07-Aug-2021 14:40:19.265 INFO [main] org.apache.coyote.AbstractProtocol.init Initializing ProtocolHandler ["http-nio-8080"]
07-Aug-2021 14:40:19.279 INFO [main] org.apache.tomcat.util.net.NioSelectorPool.getSharedSelector Using a shared selector for servlet write/read
07-Aug-2021 14:40:19.298 INFO [main] org.apache.coyote.AbstractProtocol.init Initializing ProtocolHandler ["ajp-nio-8009"]
07-Aug-2021 14:40:19.300 INFO [main] org.apache.tomcat.util.net.NioSelectorPool.getSharedSelector Using a shared selector for servlet write/read
07-Aug-2021 14:40:19.301 INFO [main] org.apache.catalina.startup.Catalina.load Initialization processed in 723 ms
07-Aug-2021 14:40:19.382 INFO [main] org.apache.catalina.core.StandardService.startInternal Starting service [Catalina]
07-Aug-2021 14:40:19.382 INFO [main] org.apache.catalina.core.StandardEngine.startInternal Starting Servlet Engine: Apache Tomcat/8.5.38
07-Aug-2021 14:40:19.415 INFO [localhost-startStop-1] org.apache.catalina.startup.HostConfig.deployWAR Deploying web application archive [/home/siddharth/niraj_devops/Neeraj_repo/tools/tomcat/webapps/jenkins.war]
07-Aug-2021 14:40:28.341 INFO [localhost-startStop-1] org.apache.jasper.servlet.TldScanner.scanJars At least one JAR was scanned for TLDs yet contained no TLDs. Enable debug logging for this logger for a complete list of JARs that were scanned but no TLDs were found in them. Skipping unneeded JARs during scanning can improve startup time and JSP compilation time.
07-Aug-2021 14:40:29.493 INFO [localhost-startStop-1] hudson.WebAppMain.contextInitialized Jenkins home directory: /home/siddharth/.jenkins found at: $user.home/.jenkins
07-Aug-2021 14:40:31.573 INFO [localhost-startStop-1] org.apache.catalina.startup.HostConfig.deployWAR Deployment of web application archive [/home/siddharth/niraj_devops/Neeraj_repo/tools/tomcat/webapps/jenkins.war] has finished in [12,157] ms
07-Aug-2021 14:40:31.575 INFO [localhost-startStop-1] org.apache.catalina.startup.HostConfig.deployDirectory Deploying web application directory [/home/siddharth/niraj_devops/Neeraj_repo/tools/tomcat/webapps/ROOT]
07-Aug-2021 14:40:31.616 INFO [localhost-startStop-1] org.apache.catalina.startup.HostConfig.deployDirectory Deployment of web application directory [/home/siddharth/niraj_devops/Neeraj_repo/tools/tomcat/webapps/ROOT] has finished in [41] ms
07-Aug-2021 14:40:31.617 INFO [localhost-startStop-1] org.apache.catalina.startup.HostConfig.deployDirectory Deploying web application directory [/home/siddharth/niraj_devops/Neeraj_repo/tools/tomcat/webapps/host-manager]
07-Aug-2021 14:40:31.669 INFO [localhost-startStop-1] org.apache.catalina.startup.HostConfig.deployDirectory Deployment of web application directory [/home/siddharth/niraj_devops/Neeraj_repo/tools/tomcat/webapps/host-manager] has finished in [52] ms
07-Aug-2021 14:40:31.669 INFO [localhost-startStop-1] org.apache.catalina.startup.HostConfig.deployDirectory Deploying web application directory [/home/siddharth/niraj_devops/Neeraj_repo/tools/tomcat/webapps/examples]
07-Aug-2021 14:40:32.077 INFO [localhost-startStop-1] org.apache.catalina.startup.HostConfig.deployDirectory Deployment of web application directory [/home/siddharth/niraj_devops/Neeraj_repo/tools/tomcat/webapps/examples] has finished in [408] ms
07-Aug-2021 14:40:32.077 INFO [localhost-startStop-1] org.apache.catalina.startup.HostConfig.deployDirectory Deploying web application directory [/home/siddharth/niraj_devops/Neeraj_repo/tools/tomcat/webapps/docs]
07-Aug-2021 14:40:32.121 INFO [localhost-startStop-1] org.apache.catalina.startup.HostConfig.deployDirectory Deployment of web application directory [/home/siddharth/niraj_devops/Neeraj_repo/tools/tomcat/webapps/docs] has finished in [44] ms
07-Aug-2021 14:40:32.121 INFO [localhost-startStop-1] org.apache.catalina.startup.HostConfig.deployDirectory Deploying web application directory [/home/siddharth/niraj_devops/Neeraj_repo/tools/tomcat/webapps/manager]
07-Aug-2021 14:40:32.183 INFO [localhost-startStop-1] org.apache.catalina.startup.HostConfig.deployDirectory Deployment of web application directory [/home/siddharth/niraj_devops/Neeraj_repo/tools/tomcat/webapps/manager] has finished in [62] ms
07-Aug-2021 14:40:32.202 INFO [main] org.apache.coyote.AbstractProtocol.start Starting ProtocolHandler ["http-nio-8080"]
07-Aug-2021 14:40:32.267 INFO [main] org.apache.coyote.AbstractProtocol.start Starting ProtocolHandler ["ajp-nio-8009"]
07-Aug-2021 14:40:32.290 INFO [main] org.apache.catalina.startup.Catalina.start Server startup in 12989 ms
07-Aug-2021 14:40:32.532 INFO [pool-6-thread-3] jenkins.InitReactorRunner$1.onAttained Started initialization
07-Aug-2021 14:40:32.574 INFO [pool-6-thread-7] jenkins.InitReactorRunner$1.onAttained Listed all plugins
07-Aug-2021 14:40:35.157 INFO [pool-6-thread-7] jenkins.InitReactorRunner$1.onAttained Prepared all plugins
07-Aug-2021 14:40:35.165 INFO [pool-6-thread-3] jenkins.InitReactorRunner$1.onAttained Started all plugins
07-Aug-2021 14:40:35.173 INFO [pool-6-thread-7] jenkins.InitReactorRunner$1.onAttained Augmented all extensions
07-Aug-2021 14:40:36.706 INFO [pool-6-thread-3] jenkins.InitReactorRunner$1.onAttained System config loaded
07-Aug-2021 14:40:36.707 INFO [pool-6-thread-2] jenkins.InitReactorRunner$1.onAttained System config adapted
07-Aug-2021 14:40:36.708 INFO [pool-6-thread-2] jenkins.InitReactorRunner$1.onAttained Loaded all jobs
07-Aug-2021 14:40:36.708 INFO [pool-6-thread-2] jenkins.InitReactorRunner$1.onAttained Configuration for all jobs updated
07-Aug-2021 14:40:36.735 INFO [Download metadata thread] hudson.model.AsyncPeriodicWork.lambda$doRun$0 Started Download metadata
07-Aug-2021 14:40:36.758 INFO [Download metadata thread] hudson.util.Retrier.start Attempt #1 to do the action check updates server
WARNING: An illegal reflective access operation has occurred
WARNING: Illegal reflective access by org.codehaus.groovy.vmplugin.v7.Java7$1 (file:/home/siddharth/niraj_devops/Neeraj_repo/tools/tomcat/webapps/jenkins/WEB-INF/lib/groovy-all-2.4.12.jar) to constructor java.lang.invoke.MethodHandles$Lookup(java.lang.Class,int)
WARNING: Please consider reporting this to the maintainers of org.codehaus.groovy.vmplugin.v7.Java7$1
WARNING: Use --illegal-access=warn to enable warnings of further illegal reflective access operations
WARNING: All illegal access operations will be denied in a future release
07-Aug-2021 14:40:37.932 INFO [Finalizing set up] jenkins.install.SetupWizard.init 

*************************************************************
*************************************************************
*************************************************************

Jenkins initial setup is required. An admin user has been created and a password generated.
Please use the following password to proceed to installation:

9c060cab90e0412cb3c692ece2dc8865

This may also be found at: /home/siddharth/.jenkins/secrets/initialAdminPassword

*************************************************************
*************************************************************
*************************************************************

07-Aug-2021 14:41:14.480 WARNING [http-nio-8080-exec-6] org.apache.catalina.webresources.Cache.getResource Unable to add the resource at [/images/16x16/red_anime.gif] to the cache for web application [/jenkins] because there was insufficient free space available after evicting expired cache entries - consider increasing the maximum size of the cache
07-Aug-2021 14:41:14.707 WARNING [http-nio-8080-exec-6] org.apache.catalina.webresources.Cache.getResource Unable to add the resource at [/images/48x48/network.gif] to the cache for web application [/jenkins] because there was insufficient free space available after evicting expired cache entries - consider increasing the maximum size of the cache
07-Aug-2021 14:41:14.708 WARNING [http-nio-8080-exec-6] org.apache.catalina.webresources.Cache.getResource Unable to add the resource at [/images/48x48/light-grey_anime.gif] to the cache for web application [/jenkins] because there was insufficient free space available after evicting expired cache entries - consider increasing the maximum size of the cache
07-Aug-2021 14:41:14.710 WARNING [http-nio-8080-exec-6] org.apache.catalina.webresources.Cache.getResource Unable to add the resource at [/images/48x48/refresh.gif] to the cache for web application [/jenkins] because there was insufficient free space available after evicting expired cache entries - consider increasing the maximum size of the cache
07-Aug-2021 14:41:14.711 WARNING [http-nio-8080-exec-6] org.apache.catalina.webresources.Cache.getResource Unable to add the resource at [/images/48x48/disabled_anime.gif] to the cache for web application [/jenkins] because there was insufficient free space available after evicting expired cache entries - consider increasing the maximum size of the cache
07-Aug-2021 14:41:14.712 WARNING [http-nio-8080-exec-6] org.apache.catalina.webresources.Cache.getResource Unable to add the resource at [/images/48x48/aborted_anime.gif] to the cache for web application [/jenkins] because there was insufficient free space available after evicting expired cache entries - consider increasing the maximum size of the cache
07-Aug-2021 14:41:14.712 WARNING [http-nio-8080-exec-6] org.apache.catalina.webresources.Cache.getResource Unable to add the resource at [/images/48x48/graph.png] to the cache for web application [/jenkins] because there was insufficient free space available after evicting expired cache entries - consider increasing the maximum size of the cache
07-Aug-2021 14:41:14.713 WARNING [http-nio-8080-exec-6] org.apache.catalina.webresources.Cache.getResource Unable to add the resource at [/images/48x48/computer-flash.gif] to the cache for web application [/jenkins] because there was insufficient free space available after evicting expired cache entries - consider increasing the maximum size of the cache
07-Aug-2021 14:41:14.713 WARNING [http-nio-8080-exec-6] org.apache.catalina.webresources.Cache.getResource Unable to add the resource at [/images/48x48/health-00to19.gif] to the cache for web application [/jenkins] because there was insufficient free space available after evicting expired cache entries - consider increasing the maximum size of the cache
07-Aug-2021 14:41:14.714 WARNING [http-nio-8080-exec-6] org.apache.catalina.webresources.Cache.getResource Unable to add the resource at [/images/48x48/search.png] to the cache for web application [/jenkins] because there was insufficient free space available after evicting expired cache entries - consider increasing the maximum size of the cache
07-Aug-2021 14:41:14.714 WARNING [http-nio-8080-exec-6] org.apache.catalina.webresources.Cache.getResource Unable to add the resource at [/images/48x48/dark-grey.gif] to the cache for web application [/jenkins] because there was insufficient free space available after evicting expired cache entries - consider increasing the maximum size of the cache
07-Aug-2021 14:41:14.715 WARNING [http-nio-8080-exec-6] org.apache.catalina.webresources.Cache.getResource Unable to add the resource at [/images/48x48/help.gif] to the cache for web application [/jenkins] because there was insufficient free space available after evicting expired cache entries - consider increasing the maximum size of the cache
07-Aug-2021 14:41:14.715 WARNING [http-nio-8080-exec-6] org.apache.catalina.webresources.Cache.getResource Unable to add the resource at [/images/48x48/warning.png] to the cache for web application [/jenkins] because there was insufficient free space available after evicting expired cache entries - consider increasing the maximum size of the cache
07-Aug-2021 14:41:14.715 WARNING [http-nio-8080-exec-6] org.apache.catalina.webresources.Cache.getResource Unable to add the resource at [/images/48x48/secure.png] to the cache for web application [/jenkins] because there was insufficient free space available after evicting expired cache entries - consider increasing the maximum size of the cache
07-Aug-2021 14:41:14.716 WARNING [http-nio-8080-exec-6] org.apache.catalina.webresources.Cache.getResource Unable to add the resource at [/images/48x48/yellow.png] to the cache for web application [/jenkins] because there was insufficient free space available after evicting expired cache entries - consider increasing the maximum size of the cache
07-Aug-2021 14:41:14.716 WARNING [http-nio-8080-exec-6] org.apache.catalina.webresources.Cache.getResource Unable to add the resource at [/images/48x48/disabled.gif] to the cache for web application [/jenkins] because there was insufficient free space available after evicting expired cache entries - consider increasing the maximum size of the cache
07-Aug-2021 14:41:14.716 WARNING [http-nio-8080-exec-6] org.apache.catalina.webresources.Cache.getResource Unable to add the resource at [/images/48x48/light-grey.png] to the cache for web application [/jenkins] because there was insufficient free space available after evicting expired cache entries - consider increasing the maximum size of the cache
07-Aug-2021 14:41:14.717 WARNING [http-nio-8080-exec-6] org.apache.catalina.webresources.Cache.getResource Unable to add the resource at [/images/48x48/redo.png] to the cache for web application [/jenkins] because there was insufficient free space available after evicting expired cache entries - consider increasing the maximum size of the cache
07-Aug-2021 14:41:14.717 WARNING [http-nio-8080-exec-6] org.apache.catalina.webresources.Cache.getResource Unable to add the resource at [/images/48x48/folder.gif] to the cache for web application [/jenkins] because there was insufficient free space available after evicting expired cache entries - consider increasing the maximum size of the cache
07-Aug-2021 14:41:14.717 WARNING [http-nio-8080-exec-6] org.apache.catalina.webresources.Cache.getResource Unable to add the resource at [/images/48x48/red.png] to the cache for web application [/jenkins] because there was insufficient free space available after evicting expired cache entries - consider increasing the maximum size of the cache
07-Aug-2021 14:41:14.718 WARNING [http-nio-8080-exec-6] org.apache.catalina.webresources.Cache.getResource Unable to add the resource at [/images/48x48/grey_anime.gif] to the cache for web application [/jenkins] because there was insufficient free space available after evicting expired cache entries - consider increasing the maximum size of the cache
07-Aug-2021 14:41:14.718 WARNING [http-nio-8080-exec-6] org.apache.catalina.webresources.Cache.getResource Unable to add the resource at [/images/48x48/empty.gif] to the cache for web application [/jenkins] because there was insufficient free space available after evicting expired cache entries - consider increasing the maximum size of the cache
07-Aug-2021 14:41:14.719 WARNING [http-nio-8080-exec-6] org.apache.catalina.webresources.Cache.getResource Unable to add the resource at [/images/48x48/monitor.gif] to the cache for web application [/jenkins] because there was insufficient free space available after evicting expired cache entries - consider increasing the maximum size of the cache
07-Aug-2021 14:41:14.719 WARNING [http-nio-8080-exec-6] org.apache.catalina.webresources.Cache.getResource Unable to add the resource at [/images/48x48/clipboard.gif] to the cache for web application [/jenkins] because there was insufficient free space available after evicting expired cache entries - consider increasing the maximum size of the cache
07-Aug-2021 14:41:14.719 WARNING [http-nio-8080-exec-6] org.apache.catalina.webresources.Cache.getResource Unable to add the resource at [/images/48x48/user.gif] to the cache for web application [/jenkins] because there was insufficient free space available after evicting expired cache entries - consider increasing the maximum size of the cache
07-Aug-2021 14:41:14.719 WARNING [http-nio-8080-exec-6] org.apache.catalina.webresources.Cache.getResource Unable to add the resource at [/images/48x48/green_anime.gif] to the cache for web application [/jenkins] because there was insufficient free space available after evicting expired cache entries - consider increasing the maximum size of the cache
07-Aug-2021 14:41:14.720 WARNING [http-nio-8080-exec-6] org.apache.catalina.webresources.Cache.getResource Unable to add the resource at [/images/48x48/package.gif] to the cache for web application [/jenkins] because there was insufficient free space available after evicting expired cache entries - consider increasing the maximum size of the cache
07-Aug-2021 14:41:14.720 WARNING [http-nio-8080-exec-6] org.apache.catalina.webresources.Cache.getResource Unable to add the resource at [/images/48x48/document.gif] to the cache for web application [/jenkins] because there was insufficient free space available after evicting expired cache entries - consider increasing the maximum size of the cache
07-Aug-2021 14:41:14.720 WARNING [http-nio-8080-exec-6] org.apache.catalina.webresources.Cache.getResource Unable to add the resource at [/images/48x48/health-80plus.png] to the cache for web application [/jenkins] because there was insufficient free space available after evicting expired cache entries - consider increasing the maximum size of the cache
07-Aug-2021 14:41:14.721 WARNING [http-nio-8080-exec-6] org.apache.catalina.webresources.Cache.getResource Unable to add the resource at [/images/48x48/computer.gif] to the cache for web application [/jenkins] because there was insufficient free space available after evicting expired cache entries - consider increasing the maximum size of the cache
07-Aug-2021 14:41:15.088 WARNING [http-nio-8080-exec-6] org.apache.catalina.webresources.Cache.getResource Unable to add the resource at [/images/48x48/nobuilt.gif] to the cache for web application [/jenkins] because there was insufficient free space available after evicting expired cache entries - consider increasing the maximum size of the cache
07-Aug-2021 14:41:15.088 WARNING [http-nio-8080-exec-6] org.apache.catalina.webresources.Cache.getResource Unable to add the resource at [/images/48x48/health-20to39.png] to the cache for web application [/jenkins] because there was insufficient free space available after evicting expired cache entries - consider increasing the maximum size of the cache
07-Aug-2021 14:41:15.089 WARNING [http-nio-8080-exec-6] org.apache.catalina.webresources.Cache.getResource Unable to add the resource at [/images/48x48/plugin.png] to the cache for web application [/jenkins] because there was insufficient free space available after evicting expired cache entries - consider increasing the maximum size of the cache
07-Aug-2021 14:41:15.089 WARNING [http-nio-8080-exec-6] org.apache.catalina.webresources.Cache.getResource Unable to add the resource at [/images/48x48/health-60to79.png] to the cache for web application [/jenkins] because there was insufficient free space available after evicting expired cache entries - consider increasing the maximum size of the cache
07-Aug-2021 14:41:15.089 WARNING [http-nio-8080-exec-6] org.apache.catalina.webresources.Cache.getResource Unable to add the resource at [/images/48x48/aborted.gif] to the cache for web application [/jenkins] because there was insufficient free space available after evicting expired cache entries - consider increasing the maximum size of the cache
07-Aug-2021 14:41:15.090 WARNING [http-nio-8080-exec-6] org.apache.catalina.webresources.Cache.getResource Unable to add the resource at [/images/48x48/setting.png] to the cache for web application [/jenkins] because there was insufficient free space available after evicting expired cache entries - consider increasing the maximum size of the cache
07-Aug-2021 14:41:15.090 WARNING [http-nio-8080-exec-6] org.apache.catalina.webresources.Cache.getResource Unable to add the resource at [/images/48x48/installer.gif] to the cache for web application [/jenkins] because there was insufficient free space available after evicting expired cache entries - consider increasing the maximum size of the cache
07-Aug-2021 14:41:15.090 WARNING [http-nio-8080-exec-6] org.apache.catalina.webresources.Cache.getResource Unable to add the resource at [/images/48x48/gear2.gif] to the cache for web application [/jenkins] because there was insufficient free space available after evicting expired cache entries - consider increasing the maximum size of the cache
07-Aug-2021 14:41:15.091 WARNING [http-nio-8080-exec-6] org.apache.catalina.webresources.Cache.getResource Unable to add the resource at [/images/48x48/folder-delete.png] to the cache for web application [/jenkins] because there was insufficient free space available after evicting expired cache entries - consider increasing the maximum size of the cache
07-Aug-2021 14:41:15.091 WARNING [http-nio-8080-exec-6] org.apache.catalina.webresources.Cache.getResource Unable to add the resource at [/images/48x48/system-log-out.png] to the cache for web application [/jenkins] because there was insufficient free space available after evicting expired cache entries - consider increasing the maximum size of the cache
07-Aug-2021 14:41:15.092 WARNING [http-nio-8080-exec-6] org.apache.catalina.webresources.Cache.getResource Unable to add the resource at [/images/48x48/yellow_anime.gif] to the cache for web application [/jenkins] because there was insufficient free space available after evicting expired cache entries - consider increasing the maximum size of the cache
07-Aug-2021 14:41:15.092 WARNING [http-nio-8080-exec-6] org.apache.catalina.webresources.Cache.getResource Unable to add the resource at [/images/48x48/orange-square.png] to the cache for web application [/jenkins] because there was insufficient free space available after evicting expired cache entries - consider increasing the maximum size of the cache
07-Aug-2021 14:41:15.093 WARNING [http-nio-8080-exec-6] org.apache.catalina.webresources.Cache.getResource Unable to add the resource at [/images/48x48/refresh.png] to the cache for web application [/jenkins] because there was insufficient free space available after evicting expired cache entries - consider increasing the maximum size of the cache
07-Aug-2021 14:41:15.093 WARNING [http-nio-8080-exec-6] org.apache.catalina.webresources.Cache.getResource Unable to add the resource at [/images/48x48/dark-grey.png] to the cache for web application [/jenkins] because there was insufficient free space available after evicting expired cache entries - consider increasing the maximum size of the cache
07-Aug-2021 14:41:15.094 WARNING [http-nio-8080-exec-6] org.apache.catalina.webresources.Cache.getResource Unable to add the resource at [/images/48x48/grey.gif] to the cache for web application [/jenkins] because there was insufficient free space available after evicting expired cache entries - consider increasing the maximum size of the cache
07-Aug-2021 14:41:15.094 WARNING [http-nio-8080-exec-6] org.apache.catalina.webresources.Cache.getResource Unable to add the resource at [/images/48x48/dark-grey_anime.gif] to the cache for web application [/jenkins] because there was insufficient free space available after evicting expired cache entries - consider increasing the maximum size of the cache
07-Aug-2021 14:41:15.094 WARNING [http-nio-8080-exec-6] org.apache.catalina.webresources.Cache.getResource Unable to add the resource at [/images/48x48/graph.gif] to the cache for web application [/jenkins] because there was insufficient free space available after evicting expired cache entries - consider increasing the maximum size of the cache
07-Aug-2021 14:41:15.095 WARNING [http-nio-8080-exec-6] org.apache.catalina.webresources.Cache.getResource Unable to add the resource at [/images/48x48/blue.png] to the cache for web application [/jenkins] because there was insufficient free space available after evicting expired cache entries - consider increasing the maximum size of the cache
07-Aug-2021 14:41:15.095 WARNING [http-nio-8080-exec-6] org.apache.catalina.webresources.Cache.getResource Unable to add the resource at [/images/48x48/green.gif] to the cache for web application [/jenkins] because there was insufficient free space available after evicting expired cache entries - consider increasing the maximum size of the cache
07-Aug-2021 14:41:15.096 WARNING [http-nio-8080-exec-6] org.apache.catalina.webresources.Cache.getResource Unable to add the resource at [/images/48x48/document.png] to the cache for web application [/jenkins] because there was insufficient free space available after evicting expired cache entries - consider increasing the maximum size of the cache
07-Aug-2021 14:41:15.097 WARNING [http-nio-8080-exec-6] org.apache.catalina.webresources.Cache.getResource Unable to add the resource at [/images/48x48/folder-delete.gif] to the cache for web application [/jenkins] because there was insufficient free space available after evicting expired cache entries - consider increasing the maximum size of the cache
07-Aug-2021 14:41:15.098 WARNING [http-nio-8080-exec-6] org.apache.catalina.webresources.Cache.getResource Unable to add the resource at [/images/48x48/computer-user-offline.png] to the cache for web application [/jenkins] because there was insufficient free space available after evicting expired cache entries - consider increasing the maximum size of the cache
07-Aug-2021 14:41:15.098 WARNING [http-nio-8080-exec-6] org.apache.catalina.webresources.Cache.getResource Unable to add the resource at [/images/48x48/gear2.png] to the cache for web application [/jenkins] because there was insufficient free space available after evicting expired cache entries - consider increasing the maximum size of the cache
07-Aug-2021 14:41:15.098 WARNING [http-nio-8080-exec-6] org.apache.catalina.webresources.Cache.getResource Unable to add the resource at [/images/48x48/computer.png] to the cache for web application [/jenkins] because there was insufficient free space available after evicting expired cache entries - consider increasing the maximum size of the cache
07-Aug-2021 14:41:15.099 WARNING [http-nio-8080-exec-6] org.apache.catalina.webresources.Cache.getResource Unable to add the resource at [/images/48x48/error.gif] to the cache for web application [/jenkins] because there was insufficient free space available after evicting expired cache entries - consider increasing the maximum size of the cache
07-Aug-2021 14:41:15.099 WARNING [http-nio-8080-exec-6] org.apache.catalina.webresources.Cache.getResource Unable to add the resource at [/images/48x48/fingerprint.png] to the cache for web application [/jenkins] because there was insufficient free space available after evicting expired cache entries - consider increasing the maximum size of the cache
07-Aug-2021 14:41:15.099 WARNING [http-nio-8080-exec-6] org.apache.catalina.webresources.Cache.getResource Unable to add the resource at [/images/48x48/health-20to39.gif] to the cache for web application [/jenkins] because there was insufficient free space available after evicting expired cache entries - consider increasing the maximum size of the cache
07-Aug-2021 14:41:15.100 WARNING [http-nio-8080-exec-6] org.apache.catalina.webresources.Cache.getResource Unable to add the resource at [/images/48x48/computer-x.png] to the cache for web application [/jenkins] because there was insufficient free space available after evicting expired cache entries - consider increasing the maximum size of the cache
07-Aug-2021 14:41:15.100 WARNING [http-nio-8080-exec-6] org.apache.catalina.webresources.Cache.getResource Unable to add the resource at [/images/48x48/search.gif] to the cache for web application [/jenkins] because there was insufficient free space available after evicting expired cache entries - consider increasing the maximum size of the cache
07-Aug-2021 14:41:15.100 WARNING [http-nio-8080-exec-6] org.apache.catalina.webresources.Cache.getResource Unable to add the resource at [/images/48x48/terminal.gif] to the cache for web application [/jenkins] because there was insufficient free space available after evicting expired cache entries - consider increasing the maximum size of the cache
07-Aug-2021 14:41:15.100 WARNING [http-nio-8080-exec-6] org.apache.catalina.webresources.Cache.getResource Unable to add the resource at [/images/48x48/star.gif] to the cache for web application [/jenkins] because there was insufficient free space available after evicting expired cache entries - consider increasing the maximum size of the cache
07-Aug-2021 14:41:15.101 WARNING [http-nio-8080-exec-6] org.apache.catalina.webresources.Cache.getResource Unable to add the resource at [/images/48x48/notepad.png] to the cache for web application [/jenkins] because there was insufficient free space available after evicting expired cache entries - consider increasing the maximum size of the cache
07-Aug-2021 14:41:15.101 WARNING [http-nio-8080-exec-6] org.apache.catalina.webresources.Cache.getResource Unable to add the resource at [/images/48x48/lock.png] to the cache for web application [/jenkins] because there was insufficient free space available after evicting expired cache entries - consider increasing the maximum size of the cache
07-Aug-2021 14:41:15.101 WARNING [http-nio-8080-exec-6] org.apache.catalina.webresources.Cache.getResource Unable to add the resource at [/images/48x48/health-00to19.png] to the cache for web application [/jenkins] because there was insufficient free space available after evicting expired cache entries - consider increasing the maximum size of the cache
07-Aug-2021 14:41:15.102 WARNING [http-nio-8080-exec-6] org.apache.catalina.webresources.Cache.getResource Unable to add the resource at [/images/48x48/orange-square.gif] to the cache for web application [/jenkins] because there was insufficient free space available after evicting expired cache entries - consider increasing the maximum size of the cache
07-Aug-2021 14:41:15.102 WARNING [http-nio-8080-exec-6] org.apache.catalina.webresources.Cache.getResource Unable to add the resource at [/images/48x48/health-80plus.gif] to the cache for web application [/jenkins] because there was insufficient free space available after evicting expired cache entries - consider increasing the maximum size of the cache
07-Aug-2021 14:41:15.103 WARNING [http-nio-8080-exec-6] org.apache.catalina.webresources.Cache.getResource Unable to add the resource at [/images/48x48/plugin.gif] to the cache for web application [/jenkins] because there was insufficient free space available after evicting expired cache entries - consider increasing the maximum size of the cache
07-Aug-2021 14:41:15.103 WARNING [http-nio-8080-exec-6] org.apache.catalina.webresources.Cache.getResource Unable to add the resource at [/images/48x48/setting.gif] to the cache for web application [/jenkins] because there was insufficient free space available after evicting expired cache entries - consider increasing the maximum size of the cache
07-Aug-2021 14:41:15.104 WARNING [http-nio-8080-exec-6] org.apache.catalina.webresources.Cache.getResource Unable to add the resource at [/images/48x48/star.png] to the cache for web application [/jenkins] because there was insufficient free space available after evicting expired cache entries - consider increasing the maximum size of the cache
07-Aug-2021 14:41:15.104 WARNING [http-nio-8080-exec-6] org.apache.catalina.webresources.Cache.getResource Unable to add the resource at [/images/48x48/nobuilt.png] to the cache for web application [/jenkins] because there was insufficient free space available after evicting expired cache entries - consider increasing the maximum size of the cache
07-Aug-2021 14:41:15.105 WARNING [http-nio-8080-exec-6] org.apache.catalina.webresources.Cache.getResource Unable to add the resource at [/images/48x48/clipboard.png] to the cache for web application [/jenkins] because there was insufficient free space available after evicting expired cache entries - consider increasing the maximum size of the cache
07-Aug-2021 14:41:15.105 WARNING [http-nio-8080-exec-6] org.apache.catalina.webresources.Cache.getResource Unable to add the resource at [/images/48x48/aborted.png] to the cache for web application [/jenkins] because there was insufficient free space available after evicting expired cache entries - consider increasing the maximum size of the cache
07-Aug-2021 14:41:15.106 WARNING [http-nio-8080-exec-6] org.apache.catalina.webresources.Cache.getResource Unable to add the resource at [/images/48x48/system-log-out.gif] to the cache for web application [/jenkins] because there was insufficient free space available after evicting expired cache entries - consider increasing the maximum size of the cache
07-Aug-2021 14:41:15.106 WARNING [http-nio-8080-exec-6] org.apache.catalina.webresources.Cache.getResource Unable to add the resource at [/images/48x48/blue_anime.gif] to the cache for web application [/jenkins] because there was insufficient free space available after evicting expired cache entries - consider increasing the maximum size of the cache
07-Aug-2021 14:41:15.106 WARNING [http-nio-8080-exec-6] org.apache.catalina.webresources.Cache.getResource Unable to add the resource at [/images/48x48/freestyleproject.png] to the cache for web application [/jenkins] because there was insufficient free space available after evicting expired cache entries - consider increasing the maximum size of the cache
07-Aug-2021 14:41:15.107 WARNING [http-nio-8080-exec-6] org.apache.catalina.webresources.Cache.getResource Unable to add the resource at [/images/48x48/disabled.png] to the cache for web application [/jenkins] because there was insufficient free space available after evicting expired cache entries - consider increasing the maximum size of the cache
07-Aug-2021 14:41:15.107 WARNING [http-nio-8080-exec-6] org.apache.catalina.webresources.Cache.getResource Unable to add the resource at [/images/48x48/health-60to79.gif] to the cache for web application [/jenkins] because there was insufficient free space available after evicting expired cache entries - consider increasing the maximum size of the cache
07-Aug-2021 14:41:15.108 WARNING [http-nio-8080-exec-6] org.apache.catalina.webresources.Cache.getResource Unable to add the resource at [/images/48x48/nobuilt_anime.gif] to the cache for web application [/jenkins] because there was insufficient free space available after evicting expired cache entries - consider increasing the maximum size of the cache
07-Aug-2021 14:41:15.108 WARNING [http-nio-8080-exec-6] org.apache.catalina.webresources.Cache.getResource Unable to add the resource at [/images/48x48/grey.png] to the cache for web application [/jenkins] because there was insufficient free space available after evicting expired cache entries - consider increasing the maximum size of the cache
07-Aug-2021 14:41:15.109 WARNING [http-nio-8080-exec-6] org.apache.catalina.webresources.Cache.getResource Unable to add the resource at [/images/48x48/star-gold.png] to the cache for web application [/jenkins] because there was insufficient free space available after evicting expired cache entries - consider increasing the maximum size of the cache
07-Aug-2021 14:41:15.111 WARNING [http-nio-8080-exec-6] org.apache.catalina.webresources.Cache.getResource Unable to add the resource at [/images/48x48/light-grey.gif] to the cache for web application [/jenkins] because there was insufficient free space available after evicting expired cache entries - consider increasing the maximum size of the cache
07-Aug-2021 14:41:15.112 WARNING [http-nio-8080-exec-6] org.apache.catalina.webresources.Cache.getResource Unable to add the resource at [/images/48x48/yellow.gif] to the cache for web application [/jenkins] because there was insufficient free space available after evicting expired cache entries - consider increasing the maximum size of the cache
07-Aug-2021 14:41:15.112 WARNING [http-nio-8080-exec-6] org.apache.catalina.webresources.Cache.getResource Unable to add the resource at [/images/48x48/installer.png] to the cache for web application [/jenkins] because there was insufficient free space available after evicting expired cache entries - consider increasing the maximum size of the cache
07-Aug-2021 14:41:15.113 WARNING [http-nio-8080-exec-6] org.apache.catalina.webresources.Cache.getResource Unable to add the resource at [/images/48x48/help.png] to the cache for web application [/jenkins] because there was insufficient free space available after evicting expired cache entries - consider increasing the maximum size of the cache
07-Aug-2021 14:41:15.113 WARNING [http-nio-8080-exec-6] org.apache.catalina.webresources.Cache.getResource Unable to add the resource at [/images/48x48/warning.gif] to the cache for web application [/jenkins] because there was insufficient free space available after evicting expired cache entries - consider increasing the maximum size of the cache
07-Aug-2021 14:41:15.114 WARNING [http-nio-8080-exec-6] org.apache.catalina.webresources.Cache.getResource Unable to add the resource at [/images/48x48/health-40to59.png] to the cache for web application [/jenkins] because there was insufficient free space available after evicting expired cache entries - consider increasing the maximum size of the cache
07-Aug-2021 14:41:15.114 WARNING [http-nio-8080-exec-6] org.apache.catalina.webresources.Cache.getResource Unable to add the resource at [/images/48x48/network.png] to the cache for web application [/jenkins] because there was insufficient free space available after evicting expired cache entries - consider increasing the maximum size of the cache
07-Aug-2021 14:41:15.114 WARNING [http-nio-8080-exec-6] org.apache.catalina.webresources.Cache.getResource Unable to add the resource at [/images/48x48/blue.gif] to the cache for web application [/jenkins] because there was insufficient free space available after evicting expired cache entries - consider increasing the maximum size of the cache
07-Aug-2021 14:41:15.115 WARNING [http-nio-8080-exec-6] org.apache.catalina.webresources.Cache.getResource Unable to add the resource at [/images/48x48/secure.gif] to the cache for web application [/jenkins] because there was insufficient free space available after evicting expired cache entries - consider increasing the maximum size of the cache
07-Aug-2021 14:41:15.115 WARNING [http-nio-8080-exec-6] org.apache.catalina.webresources.Cache.getResource Unable to add the resource at [/images/48x48/empty.png] to the cache for web application [/jenkins] because there was insufficient free space available after evicting expired cache entries - consider increasing the maximum size of the cache
07-Aug-2021 14:41:15.116 WARNING [http-nio-8080-exec-6] org.apache.catalina.webresources.Cache.getResource Unable to add the resource at [/images/48x48/package.png] to the cache for web application [/jenkins] because there was insufficient free space available after evicting expired cache entries - consider increasing the maximum size of the cache
07-Aug-2021 14:41:15.116 WARNING [http-nio-8080-exec-6] org.apache.catalina.webresources.Cache.getResource Unable to add the resource at [/images/48x48/monitor.png] to the cache for web application [/jenkins] because there was insufficient free space available after evicting expired cache entries - consider increasing the maximum size of the cache
07-Aug-2021 14:41:15.117 WARNING [http-nio-8080-exec-6] org.apache.catalina.webresources.Cache.getResource Unable to add the resource at [/images/48x48/redo.gif] to the cache for web application [/jenkins] because there was insufficient free space available after evicting expired cache entries - consider increasing the maximum size of the cache
07-Aug-2021 14:41:15.117 WARNING [http-nio-8080-exec-6] org.apache.catalina.webresources.Cache.getResource Unable to add the resource at [/images/48x48/red.gif] to the cache for web application [/jenkins] because there was insufficient free space available after evicting expired cache entries - consider increasing the maximum size of the cache
07-Aug-2021 14:41:15.118 WARNING [http-nio-8080-exec-6] org.apache.catalina.webresources.Cache.getResource Unable to add the resource at [/images/48x48/folder.png] to the cache for web application [/jenkins] because there was insufficient free space available after evicting expired cache entries - consider increasing the maximum size of the cache
07-Aug-2021 14:41:15.139 WARNING [http-nio-8080-exec-6] org.apache.catalina.webresources.Cache.getResource Unable to add the resource at [/images/32x32/light-grey.gif] to the cache for web application [/jenkins] because there was insufficient free space available after evicting expired cache entries - consider increasing the maximum size of the cache
07-Aug-2021 14:41:15.139 WARNING [http-nio-8080-exec-6] org.apache.catalina.webresources.Cache.getResource Unable to add the resource at [/images/32x32/blue.gif] to the cache for web application [/jenkins] because there was insufficient free space available after evicting expired cache entries - consider increasing the maximum size of the cache
07-Aug-2021 14:41:15.139 WARNING [http-nio-8080-exec-6] org.apache.catalina.webresources.Cache.getResource Unable to add the resource at [/images/32x32/nobuilt_anime.gif] to the cache for web application [/jenkins] because there was insufficient free space available after evicting expired cache entries - consider increasing the maximum size of the cache
07-Aug-2021 14:41:15.140 WARNING [http-nio-8080-exec-6] org.apache.catalina.webresources.Cache.getResource Unable to add the resource at [/images/32x32/computer-x.png] to the cache for web application [/jenkins] because there was insufficient free space available after evicting expired cache entries - consider increasing the maximum size of the cache
07-Aug-2021 14:41:15.140 WARNING [http-nio-8080-exec-6] org.apache.catalina.webresources.Cache.getResource Unable to add the resource at [/images/32x32/health-40to59.gif] to the cache for web application [/jenkins] because there was insufficient free space available after evicting expired cache entries - consider increasing the maximum size of the cache
07-Aug-2021 14:41:15.140 WARNING [http-nio-8080-exec-6] org.apache.catalina.webresources.Cache.getResource Unable to add the resource at [/images/32x32/secure.png] to the cache for web application [/jenkins] because there was insufficient free space available after evicting expired cache entries - consider increasing the maximum size of the cache
07-Aug-2021 14:41:15.141 WARNING [http-nio-8080-exec-6] org.apache.catalina.webresources.Cache.getResource Unable to add the resource at [/images/32x32/health-00to19.gif] to the cache for web application [/jenkins] because there was insufficient free space available after evicting expired cache entries - consider increasing the maximum size of the cache
07-Aug-2021 14:41:15.141 WARNING [http-nio-8080-exec-6] org.apache.catalina.webresources.Cache.getResource Unable to add the resource at [/images/32x32/dark-grey.gif] to the cache for web application [/jenkins] because there was insufficient free space available after evicting expired cache entries - consider increasing the maximum size of the cache
07-Aug-2021 14:41:15.142 WARNING [http-nio-8080-exec-6] org.apache.catalina.webresources.Cache.getResource Unable to add the resource at [/images/32x32/aborted.gif] to the cache for web application [/jenkins] because there was insufficient free space available after evicting expired cache entries - consider increasing the maximum size of the cache
07-Aug-2021 14:41:15.142 WARNING [http-nio-8080-exec-6] org.apache.catalina.webresources.Cache.getResource Unable to add the resource at [/images/32x32/red.gif] to the cache for web application [/jenkins] because there was insufficient free space available after evicting expired cache entries - consider increasing the maximum size of the cache
07-Aug-2021 14:41:15.142 WARNING [http-nio-8080-exec-6] org.apache.catalina.webresources.Cache.getResource Unable to add the resource at [/images/32x32/yellow.png] to the cache for web application [/jenkins] because there was insufficient free space available after evicting expired cache entries - consider increasing the maximum size of the cache
07-Aug-2021 14:41:15.143 WARNING [http-nio-8080-exec-6] org.apache.catalina.webresources.Cache.getResource Unable to add the resource at [/images/32x32/health-20to39.gif] to the cache for web application [/jenkins] because there was insufficient free space available after evicting expired cache entries - consider increasing the maximum size of the cache
07-Aug-2021 14:41:15.143 WARNING [http-nio-8080-exec-6] org.apache.catalina.webresources.Cache.getResource Unable to add the resource at [/images/32x32/computer.png] to the cache for web application [/jenkins] because there was insufficient free space available after evicting expired cache entries - consider increasing the maximum size of the cache
07-Aug-2021 14:41:15.144 WARNING [http-nio-8080-exec-6] org.apache.catalina.webresources.Cache.getResource Unable to add the resource at [/images/32x32/folder.gif] to the cache for web application [/jenkins] because there was insufficient free space available after evicting expired cache entries - consider increasing the maximum size of the cache
07-Aug-2021 14:41:15.144 WARNING [http-nio-8080-exec-6] org.apache.catalina.webresources.Cache.getResource Unable to add the resource at [/images/32x32/dark-grey_anime.gif] to the cache for web application [/jenkins] because there was insufficient free space available after evicting expired cache entries - consider increasing the maximum size of the cache
07-Aug-2021 14:41:15.144 WARNING [http-nio-8080-exec-6] org.apache.catalina.webresources.Cache.getResource Unable to add the resource at [/images/32x32/user.png] to the cache for web application [/jenkins] because there was insufficient free space available after evicting expired cache entries - consider increasing the maximum size of the cache
07-Aug-2021 14:41:15.144 WARNING [http-nio-8080-exec-6] org.apache.catalina.webresources.Cache.getResource Unable to add the resource at [/images/32x32/plugin.gif] to the cache for web application [/jenkins] because there was insufficient free space available after evicting expired cache entries - consider increasing the maximum size of the cache
07-Aug-2021 14:41:15.145 WARNING [http-nio-8080-exec-6] org.apache.catalina.webresources.Cache.getResource Unable to add the resource at [/images/32x32/nobuilt.gif] to the cache for web application [/jenkins] because there was insufficient free space available after evicting expired cache entries - consider increasing the maximum size of the cache
07-Aug-2021 14:41:15.145 WARNING [http-nio-8080-exec-6] org.apache.catalina.webresources.Cache.getResource Unable to add the resource at [/images/32x32/disabled.png] to the cache for web application [/jenkins] because there was insufficient free space available after evicting expired cache entries - consider increasing the maximum size of the cache
07-Aug-2021 14:41:15.145 WARNING [http-nio-8080-exec-6] org.apache.catalina.webresources.Cache.getResource Unable to add the resource at [/images/32x32/computer-flash.gif] to the cache for web application [/jenkins] because there was insufficient free space available after evicting expired cache entries - consider increasing the maximum size of the cache
07-Aug-2021 14:41:15.146 WARNING [http-nio-8080-exec-6] org.apache.catalina.webresources.Cache.getResource Unable to add the resource at [/images/32x32/clock_anime.gif] to the cache for web application [/jenkins] because there was insufficient free space available after evicting expired cache entries - consider increasing the maximum size of the cache
07-Aug-2021 14:41:15.146 WARNING [http-nio-8080-exec-6] org.apache.catalina.webresources.Cache.getResource Unable to add the resource at [/images/32x32/computer-x.gif] to the cache for web application [/jenkins] because there was insufficient free space available after evicting expired cache entries - consider increasing the maximum size of the cache
07-Aug-2021 14:41:15.146 WARNING [http-nio-8080-exec-6] org.apache.catalina.webresources.Cache.getResource Unable to add the resource at [/images/32x32/clock.png] to the cache for web application [/jenkins] because there was insufficient free space available after evicting expired cache entries - consider increasing the maximum size of the cache
07-Aug-2021 14:41:15.147 WARNING [http-nio-8080-exec-6] org.apache.catalina.webresources.Cache.getResource Unable to add the resource at [/images/32x32/health-80plus.gif] to the cache for web application [/jenkins] because there was insufficient free space available after evicting expired cache entries - consider increasing the maximum size of the cache
07-Aug-2021 14:41:15.147 WARNING [http-nio-8080-exec-6] org.apache.catalina.webresources.Cache.getResource Unable to add the resource at [/images/32x32/lock.png] to the cache for web application [/jenkins] because there was insufficient free space available after evicting expired cache entries - consider increasing the maximum size of the cache
07-Aug-2021 14:41:15.147 WARNING [http-nio-8080-exec-6] org.apache.catalina.webresources.Cache.getResource Unable to add the resource at [/images/32x32/health-20to39.png] to the cache for web application [/jenkins] because there was insufficient free space available after evicting expired cache entries - consider increasing the maximum size of the cache
07-Aug-2021 14:41:15.148 WARNING [http-nio-8080-exec-6] org.apache.catalina.webresources.Cache.getResource Unable to add the resource at [/images/32x32/health-60to79.png] to the cache for web application [/jenkins] because there was insufficient free space available after evicting expired cache entries - consider increasing the maximum size of the cache
07-Aug-2021 14:41:15.148 WARNING [http-nio-8080-exec-6] org.apache.catalina.webresources.Cache.getResource Unable to add the resource at [/images/32x32/empty.gif] to the cache for web application [/jenkins] because there was insufficient free space available after evicting expired cache entries - consider increasing the maximum size of the cache
07-Aug-2021 14:41:15.148 WARNING [http-nio-8080-exec-6] org.apache.catalina.webresources.Cache.getResource Unable to add the resource at [/images/32x32/health-40to59.png] to the cache for web application [/jenkins] because there was insufficient free space available after evicting expired cache entries - consider increasing the maximum size of the cache
07-Aug-2021 14:41:15.148 WARNING [http-nio-8080-exec-6] org.apache.catalina.webresources.Cache.getResource Unable to add the resource at [/images/32x32/clipboard.png] to the cache for web application [/jenkins] because there was insufficient free space available after evicting expired cache entries - consider increasing the maximum size of the cache
07-Aug-2021 14:41:15.149 WARNING [http-nio-8080-exec-6] org.apache.catalina.webresources.Cache.getResource Unable to add the resource at [/images/32x32/computer.gif] to the cache for web application [/jenkins] because there was insufficient free space available after evicting expired cache entries - consider increasing the maximum size of the cache
07-Aug-2021 14:41:15.149 WARNING [http-nio-8080-exec-6] org.apache.catalina.webresources.Cache.getResource Unable to add the resource at [/images/32x32/user.gif] to the cache for web application [/jenkins] because there was insufficient free space available after evicting expired cache entries - consider increasing the maximum size of the cache
07-Aug-2021 14:41:15.149 WARNING [http-nio-8080-exec-6] org.apache.catalina.webresources.Cache.getResource Unable to add the resource at [/images/32x32/blue.png] to the cache for web application [/jenkins] because there was insufficient free space available after evicting expired cache entries - consider increasing the maximum size of the cache
07-Aug-2021 14:41:15.149 WARNING [http-nio-8080-exec-6] org.apache.catalina.webresources.Cache.getResource Unable to add the resource at [/images/32x32/graph.png] to the cache for web application [/jenkins] because there was insufficient free space available after evicting expired cache entries - consider increasing the maximum size of the cache
07-Aug-2021 14:41:15.149 WARNING [http-nio-8080-exec-6] org.apache.catalina.webresources.Cache.getResource Unable to add the resource at [/images/32x32/health-00to19.png] to the cache for web application [/jenkins] because there was insufficient free space available after evicting expired cache entries - consider increasing the maximum size of the cache
07-Aug-2021 14:41:15.149 WARNING [http-nio-8080-exec-6] org.apache.catalina.webresources.Cache.getResource Unable to add the resource at [/images/32x32/health-60to79.gif] to the cache for web application [/jenkins] because there was insufficient free space available after evicting expired cache entries - consider increasing the maximum size of the cache
07-Aug-2021 14:41:57.885 INFO [pool-6-thread-1] jenkins.InitReactorRunner$1.onAttained Completed initialization
07-Aug-2021 14:41:59.898 INFO [Jenkins initialization thread] hudson.WebAppMain$3.run Jenkins is fully up and running
07-Aug-2021 14:42:01.168 INFO [Download metadata thread] hudson.model.DownloadService$Downloadable.load Obtained the updated data file for hudson.tasks.Maven.MavenInstaller
07-Aug-2021 14:42:01.170 INFO [Download metadata thread] hudson.util.Retrier.start Performed the action check updates server successfully at the attempt #1
07-Aug-2021 14:42:01.450 INFO [Download metadata thread] hudson.model.AsyncPeriodicWork.lambda$doRun$0 Finished Download metadata. 84,601 ms
